Removed Pin From Net: NetName=RX Pin=C3-2
Removed Pin From Net: NetName=TX Pin=C-1
Removed Pin From Net: NetName=GND Pin=C-2
Removed Pin From Net: NetName=GND Pin=JP1-1
Removed Pin From Net: NetName=VCC Pin=JP1-2
Removed Pin From Net: NetName=GND Pin=R3-1
Removed Pin From Net: NetName=NetIC2_7 Pin=R3-2
Removed Pin From Net: NetName=NetIC2_6 Pin=R4-1
Removed Pin From Net: NetName=VCC Pin=R4-2
Removed Member From Class: ClassName=Schematic Member=C
Change Component Footprint: Designator=C1 Old Footprint=CP1/2 New Footprint=CA-ALU-2.54
Change Component Footprint: Designator=C2 Old Footprint=CP1/2 New Footprint=CA-ALU-2.54
Change Component Footprint: Designator=IC1 Old Footprint=DIP8/W0.3 New Footprint=DIP8
Change Component Footprint: Designator=C3 Old Footprint=JP2-D1T New Footprint=CA-ALU-2.54
Change Component Comment : Designator=C3 Old Comment=JP2 New Comment=22uF
Change component parameters: Designator = "LED"; Footprint = "LED-5-Green"; UniqueID = "\AHWIYSPL"
Change component parameters. Clean all parameters for all variants
Change component parameters (AddParameter): Name = "Value"; Value = "LED 3 ly Single Colour"; VariantName = "[No Variations]"
Change component parameters: Designator = "C1"; Footprint = "CA-ALU-2.54"; UniqueID = "\KMGLBZHR"
Change component parameters. Clean all parameters for all variants
Change component parameters (AddParameter): Name = ""; Value = ""; VariantName = "[No Variations]"
Change component parameters (AddParameter): Name = "LatestRevisionDate"; Value = "17-Jul-2002"; VariantName = "[No Variations]"
Change component parameters (AddParameter): Name = "LatestRevisionNote"; Value = "Re-released for DXP Platform."; VariantName = "[No Variations]"
Change component parameters (AddParameter): Name = "PackageReference"; Value = "C1206"; VariantName = "[No Variations]"
Change component parameters (AddParameter): Name = "Publisher"; Value = "Altium Limited"; VariantName = "[No Variations]"
Change component parameters (AddParameter): Name = "Value"; Value = "104"; VariantName = "[No Variations]"
Change component parameters: Designator = "C2"; Footprint = "CA-ALU-2.54"; UniqueID = "\IUPIMRVK"
Change component parameters. Clean all parameters for all variants
Change component parameters (AddParameter): Name = ""; Value = ""; VariantName = "[No Variations]"
Change component parameters (AddParameter): Name = "LatestRevisionDate"; Value = "17-Jul-2002"; VariantName = "[No Variations]"
Change component parameters (AddParameter): Name = "LatestRevisionNote"; Value = "Re-released for DXP Platform."; VariantName = "[No Variations]"
Change component parameters (AddParameter): Name = "PackageReference"; Value = "C1206"; VariantName = "[No Variations]"
Change component parameters (AddParameter): Name = "Publisher"; Value = "Altium Limited"; VariantName = "[No Variations]"
Change component parameters (AddParameter): Name = "Value"; Value = "104"; VariantName = "[No Variations]"
Change component parameters: Designator = "C3"; Footprint = "CA-ALU-2.54"; UniqueID = "\BZPLCDOC"
Change component parameters. Clean all parameters for all variants
Change component parameters (AddParameter): Name = ""; Value = ""; VariantName = "[No Variations]"
Change component parameters (AddParameter): Name = "LatestRevisionDate"; Value = "17-Jul-2002"; VariantName = "[No Variations]"
Change component parameters (AddParameter): Name = "LatestRevisionNote"; Value = "Re-released for DXP Platform."; VariantName = "[No Variations]"
Change component parameters (AddParameter): Name = "PackageReference"; Value = "C1206"; VariantName = "[No Variations]"
Change component parameters (AddParameter): Name = "Publisher"; Value = "Altium Limited"; VariantName = "[No Variations]"
Change component parameters (AddParameter): Name = "Value"; Value = "104"; VariantName = "[No Variations]"
Added Component: Designator=JP2(HED2)
Add component. Clean all parameters for all variants
Add component (AddParameter): Name = "Class"; Value = "Connector"; VariantName = "[No Variations]"
Add component (AddParameter): Name = "Manufacturer"; Value = "Generic Components"; VariantName = "[No Variations]"
Add component (AddParameter): Name = "Value"; Value = "Header 2"; VariantName = "[No Variations]"
Added Pin To Net: NetName=GND Pin=C3-2
Added Pin To Net: NetName=VCC Pin=JP1-1
Added Pin To Net: NetName=GND Pin=JP1-2
Added Pin To Net: NetName=RX Pin=JP2-1
Added Pin To Net: NetName=TX Pin=JP2-2
Change Net Name : Old Net Name=NetIC2_6 New Net Name=RS485_P
Change Net Name : Old Net Name=NetIC2_7 New Net Name=RS485_N
Added Differential Pair: Name=RS485
Added Member To Class: ClassName=Schematic Member=Component C3 22uF
Added Member To Class: ClassName=Schematic Member=Component JP2 Header 2_1
Added Room: Name=Schematic
