Removed Pin From Net: NetName=GND Pin=C1-1
Removed Pin From Net: NetName=VCC Pin=C1-2
Change Component Footprint: Designator=Q? Old Footprint=QTO-220 New Footprint=SOT23
Change Component Footprint: Designator=LED? Old Footprint=SM-LED-0805-Blue New Footprint=LED-3
Change Component Comment : Designator=Q? Old Comment=IRF840 New Comment=Si2302DS
Change Component Comment : Designator=LED? Old Comment=LED SMD New Comment=LED
Change component parameters: Designator = "LED?"; Footprint = "LED-3"; UniqueID = "\FNLBJWIP"
Change component parameters. Clean all parameters for all variants
Change component parameters (AddParameter): Name = "Value"; Value = "LED 3 ly Single Colour"; VariantName = "[No Variations]"
Change component parameters: Designator = "Q?"; Footprint = "SOT23"; UniqueID = "\PRELJZVU"
Change component parameters. Clean all parameters for all variants
Change component parameters (AddParameter): Name = "LatestRevisionDate"; Value = "17-Jul-2002"; VariantName = "[No Variations]"
Change component parameters (AddParameter): Name = "LatestRevisionNote"; Value = "Re-released for DXP Platform."; VariantName = "[No Variations]"
Change component parameters (AddParameter): Name = "PackageDescription"; Value = "TO, Flat Index; 3 In-Line, Axial Leads; Body Dia. 4.6mm; Lead Dia. 0.5 mm (max)"; VariantName = "[No Variations]"
Change component parameters (AddParameter): Name = "PackageReference"; Value = "E3"; VariantName = "[No Variations]"
Change component parameters (AddParameter): Name = "PackageVersion"; Value = "1995/1996"; VariantName = "[No Variations]"
Change component parameters (AddParameter): Name = "Published"; Value = "8-Jun-2000"; VariantName = "[No Variations]"
Change component parameters (AddParameter): Name = "Publisher"; Value = "Altium Limited"; VariantName = "[No Variations]"
Added Component: Designator=C?(SM-CAP-0805)
Add component. Clean all parameters for all variants
Add component (AddParameter): Name = "Designed by"; Value = "VanDungEvn"; VariantName = "[No Variations]"
Add component (AddParameter): Name = "Value"; Value = "0,1uF/300V"; VariantName = "[No Variations]"
Added Pin To Net: NetName=TX Pin=C3-1
Added Pin To Net: NetName=RX Pin=C3-2
Added Pin To Net: NetName=NetC4_1 Pin=C4-1
Added Pin To Net: NetName=NetC4_2 Pin=C4-2
Added Pin To Net: NetName=GND Pin=C?-1
Added Pin To Net: NetName=VCC Pin=C?-2
Added Pin To Net: NetName=RX Pin=IC?-1
Added Pin To Net: NetName=NetIC?_2 Pin=IC?-2
Added Pin To Net: NetName=NetIC?_2 Pin=IC?-3
Added Pin To Net: NetName=TX Pin=IC?-4
Added Pin To Net: NetName=GND Pin=IC?-5
Added Pin To Net: NetName=NetC4_2 Pin=IC?-6
Added Pin To Net: NetName=NetC4_1 Pin=IC?-7
Added Pin To Net: NetName=VCC Pin=IC?-8
Added Pin To Net: NetName=GND Pin=JP1-1
Added Pin To Net: NetName=VCC Pin=JP1-2
Added Pin To Net: NetName=NetLED?_1 Pin=LED?-1
Added Pin To Net: NetName=NetQ?_1 Pin=Q?-1
Added Pin To Net: NetName=GND Pin=Q?-2
Added Pin To Net: NetName=NetIC?_2 Pin=Q?-3
Added Pin To Net: NetName=VCC Pin=R1-1
Added Pin To Net: NetName=NetIC?_2 Pin=R1-2
Added Pin To Net: NetName=TX Pin=R2-1
Added Pin To Net: NetName=NetQ?_1 Pin=R2-2
Added Pin To Net: NetName=GND Pin=R3-1
Added Pin To Net: NetName=NetC4_1 Pin=R3-2
Added Pin To Net: NetName=NetC4_2 Pin=R4-1
Added Pin To Net: NetName=VCC Pin=R4-2
Added Pin To Net: NetName=VCC Pin=R5-1
Added Pin To Net: NetName=NetLED?_1 Pin=R5-2
Added Member To Class: ClassName=Sch_1_layer Member=Component C3 JP2
Added Member To Class: ClassName=Sch_1_layer Member=Component C4 JP2
Added Member To Class: ClassName=Sch_1_layer Member=Component C? 104
Added Member To Class: ClassName=Sch_1_layer Member=Component IC? MAX485
Added Member To Class: ClassName=Sch_1_layer Member=Component JP1 Header 2_1
Added Member To Class: ClassName=Sch_1_layer Member=Component LED? LED
Added Member To Class: ClassName=Sch_1_layer Member=Component Q? Si2302DS
Added Member To Class: ClassName=Sch_1_layer Member=Component R1 10k
Added Member To Class: ClassName=Sch_1_layer Member=Component R2 4.7K
Added Member To Class: ClassName=Sch_1_layer Member=Component R3 10K
Added Member To Class: ClassName=Sch_1_layer Member=Component R4 10K
Added Member To Class: ClassName=Sch_1_layer Member=Component R5 220
Added Room: Name=Sch_1_layer
