Removed Pin From Net: NetName=NetC4_1 Pin=C4-1
Removed Pin From Net: NetName=NetC4_2 Pin=C4-2
Removed Pin From Net: NetName=GND Pin=Q?-3
Removed Pin From Net: NetName=VCC Pin=R1-1
Removed Pin From Net: NetName=TX Pin=R2-1
Removed Member From Class: ClassName=Schematic Member=C4
Removed Member From Class: ClassName=Schematic Member=Q?
Removed Member From Class: ClassName=Schematic Member=R1
Removed Member From Class: ClassName=Schematic Member=R2
Change Component Footprint: Designator=LED? Old Footprint=LED-3 New Footprint=LED-5-Green
Change Component Designator: OldDesignator=C NewDesignator=C1
Change Component Designator: OldDesignator=IC? NewDesignator=IC2
Change Component Designator: OldDesignator=LED? NewDesignator=LED
Added Component: Designator=C(CP1/2)
Add component. Clean all parameters for all variants
Add component (AddParameter): Name = "Description 1"; Value = "10 => 220uF/6,3V/10V - 10uF => 100uF/16V"; VariantName = "[No Variations]"
Add component (AddParameter): Name = "Description 2"; Value = "0,1uF => 33uF/50V - 10uF => 22uF/63V"; VariantName = "[No Variations]"
Add component (AddParameter): Name = "Description 3"; Value = "0,47uF => 10uF/100V"; VariantName = "[No Variations]"
Add component (AddParameter): Name = "Value"; Value = "10uF/50V"; VariantName = "[No Variations]"
Added Component: Designator=IC1(DIP8/W0.3)
Add component. Clean all parameters for all variants
Add component (AddParameter): Name = "Value"; Value = "LM555"; VariantName = "[No Variations]"
Added Component: Designator=JP3(HED2)
Add component. Clean all parameters for all variants
Add component (AddParameter): Name = "Class"; Value = "Connector"; VariantName = "[No Variations]"
Add component (AddParameter): Name = "Manufacturer"; Value = "Generic Components"; VariantName = "[No Variations]"
Add component (AddParameter): Name = "Value"; Value = "Header 2"; VariantName = "[No Variations]"
Added Component: Designator=R(RES-1/4W)
Add component. Clean all parameters for all variants
Add component (AddParameter): Name = "Class"; Value = "Passive"; VariantName = "[No Variations]"
Add component (AddParameter): Name = "Manufacturer"; Value = "Generic Components"; VariantName = "[No Variations]"
Add component (AddParameter): Name = "Published"; Value = "08/06/2000"; VariantName = "[No Variations]"
Add component (AddParameter): Name = "Publisher"; Value = "Altium Hobart Technology Centre"; VariantName = "[No Variations]"
Add component (AddParameter): Name = "SubClass"; Value = "R"; VariantName = "[No Variations]"
Added Pin To Net: NetName=TX Pin=C-1
Added Pin To Net: NetName=GND Pin=C-2
Added Pin To Net: NetName=GND Pin=IC1-1
Added Pin To Net: NetName=TX Pin=IC1-2
Added Pin To Net: NetName=VCC Pin=IC1-4
Added Pin To Net: NetName=TX Pin=IC1-6
Added Pin To Net: NetName=VCC Pin=IC1-8
Added Pin To Net: NetName=NetC4_1 Pin=JP3-1
Added Pin To Net: NetName=NetC4_2 Pin=JP3-2
Added Pin To Net: NetName=VCC Pin=R-1
Added Pin To Net: NetName=TX Pin=R-2
Change Net Name : Old Net Name=NetC4_1 New Net Name=NetIC2_7
Change Net Name : Old Net Name=NetC4_2 New Net Name=NetIC2_6
Change Net Name : Old Net Name=NetLED?_1 New Net Name=NetLED_1
Added Pin To Net: NetName=EN Pin=IC1-3
Added Pin To Net: NetName=EN Pin=IC2-2
Added Pin To Net: NetName=EN Pin=IC2-3
Added Net: Name=EN
Added Member To Class: ClassName=Schematic Member=Component C1 22uF
Added Member To Class: ClassName=Schematic Member=Component IC1 LM555
Added Member To Class: ClassName=Schematic Member=Component JP3 Header 2_1
Added Member To Class: ClassName=Schematic Member=Component R 100
Added Room: Name=Schematic
