Removed Pin From Net: NetName=TX Pin=C3-1
Removed Pin From Net: NetName=RX Pin=C3-2
Removed Pin From Net: NetName=GND Pin=R3-1
Removed Pin From Net: NetName=NetIC2_7 Pin=R3-2
Removed Pin From Net: NetName=NetIC2_6 Pin=R4-1
Removed Pin From Net: NetName=VCC Pin=R4-2
Removed Member From Class: ClassName=Schematic Member=C3
Removed Member From Class: ClassName=Schematic Member=R3
Removed Member From Class: ClassName=Schematic Member=R4
Added Component: Designator=JP2(HED2)
Add component. Clean all parameters for all variants
Add component (AddParameter): Name = "Class"; Value = "Connector"; VariantName = "[No Variations]"
Add component (AddParameter): Name = "Manufacturer"; Value = "Generic Components"; VariantName = "[No Variations]"
Add component (AddParameter): Name = "Value"; Value = "Header 2"; VariantName = "[No Variations]"
Added Pin To Net: NetName=RX Pin=JP2-1
Added Pin To Net: NetName=TX Pin=JP2-2
Change Net Name : Old Net Name=NetIC2_6 New Net Name=RS485_P
Change Net Name : Old Net Name=NetIC2_7 New Net Name=RS485_N
Added Differential Pair: Name=RS485
Added Member To Class: ClassName=Schematic Member=Component JP2 Header 2_1
Added Room: Name=Schematic
Added Class: Name=RS485_DIFFPAIR
