Removed Pin From Net: NetName=TX Pin=C3-1
Removed Pin From Net: NetName=RX Pin=C3-2
Removed Pin From Net: NetName=GND Pin=JP1-1
Removed Pin From Net: NetName=VCC Pin=JP1-2
Removed Pin From Net: NetName=GND Pin=R3-1
Removed Pin From Net: NetName=NetIC2_7 Pin=R3-2
Removed Pin From Net: NetName=NetIC2_6 Pin=R4-1
Removed Pin From Net: NetName=VCC Pin=R4-2
Removed Member From Class: ClassName=Schematic Member=C3
Removed Member From Class: ClassName=Schematic Member=R3
Removed Member From Class: ClassName=Schematic Member=R4
Change Component Footprint: Designator=C1 Old Footprint=CP1/2 New Footprint=CAP-ALU-SMD-4.5x5x1.4
Change Component Footprint: Designator=C2 Old Footprint=CP1/2 New Footprint=CAP-ALU-SMD-4.5x5x1.4
Change Component Footprint: Designator=C Old Footprint=CP1/2 New Footprint=CAP-ALU-SMD-4.5x5x1.4
Change Component Footprint: Designator=IC1 Old Footprint=DIP8/W0.3 New Footprint=SO8
Change Component Footprint: Designator=IC2 Old Footprint=DIP8/W0.3 New Footprint=SO-8
Change Component Footprint: Designator=LED Old Footprint=LED-5-Green New Footprint=SM-LED-0805-Green
Change Component Footprint: Designator=R5 Old Footprint=RES-1/4W New Footprint=RES-SMD-0805
Change Component Footprint: Designator=R6 Old Footprint=RES-1/4W New Footprint=RES-SMD-0805
Change Component Footprint: Designator=R Old Footprint=RES-1/4W New Footprint=RES-SMD-0805
Change Component Comment : Designator=C Old Comment=1uF New Comment=22uF
Change Component Comment : Designator=LED Old Comment=LED New Comment=LED SMD
Change component parameters: Designator = "LED"; Footprint = "SM-LED-0805-Green"; UniqueID = "\WWRHXBIO"
Change component parameters. Clean all parameters for all variants
Change component parameters: Designator = "C"; Footprint = "CAP-ALU-SMD-4.5x5x1.4"; UniqueID = "\DHBDKUHR"
Change component parameters. Clean all parameters for all variants
Change component parameters (AddParameter): Name = "LatestRevisionDate"; Value = "17-Jul-2002"; VariantName = "[No Variations]"
Change component parameters (AddParameter): Name = "LatestRevisionNote"; Value = "Re-released for DXP Platform."; VariantName = "[No Variations]"
Change component parameters (AddParameter): Name = "PackageReference"; Value = "POLAR0.8"; VariantName = "[No Variations]"
Change component parameters (AddParameter): Name = "Published"; Value = "8-Jun-2000"; VariantName = "[No Variations]"
Change component parameters (AddParameter): Name = "Publisher"; Value = "Altium Limited"; VariantName = "[No Variations]"
Change component parameters: Designator = "C1"; Footprint = "CAP-ALU-SMD-4.5x5x1.4"; UniqueID = "\DOCGMOZX"
Change component parameters. Clean all parameters for all variants
Change component parameters (AddParameter): Name = "LatestRevisionDate"; Value = "17-Jul-2002"; VariantName = "[No Variations]"
Change component parameters (AddParameter): Name = "LatestRevisionNote"; Value = "Re-released for DXP Platform."; VariantName = "[No Variations]"
Change component parameters (AddParameter): Name = "PackageReference"; Value = "POLAR0.8"; VariantName = "[No Variations]"
Change component parameters (AddParameter): Name = "Published"; Value = "8-Jun-2000"; VariantName = "[No Variations]"
Change component parameters (AddParameter): Name = "Publisher"; Value = "Altium Limited"; VariantName = "[No Variations]"
Change component parameters: Designator = "C2"; Footprint = "CAP-ALU-SMD-4.5x5x1.4"; UniqueID = "\YTRUCFJP"
Change component parameters. Clean all parameters for all variants
Change component parameters (AddParameter): Name = "LatestRevisionDate"; Value = "17-Jul-2002"; VariantName = "[No Variations]"
Change component parameters (AddParameter): Name = "LatestRevisionNote"; Value = "Re-released for DXP Platform."; VariantName = "[No Variations]"
Change component parameters (AddParameter): Name = "PackageReference"; Value = "POLAR0.8"; VariantName = "[No Variations]"
Change component parameters (AddParameter): Name = "Published"; Value = "8-Jun-2000"; VariantName = "[No Variations]"
Change component parameters (AddParameter): Name = "Publisher"; Value = "Altium Limited"; VariantName = "[No Variations]"
Added Component: Designator=JP2(HED2)
Add component. Clean all parameters for all variants
Add component (AddParameter): Name = "Class"; Value = "Connector"; VariantName = "[No Variations]"
Add component (AddParameter): Name = "Manufacturer"; Value = "Generic Components"; VariantName = "[No Variations]"
Add component (AddParameter): Name = "Value"; Value = "Header 2"; VariantName = "[No Variations]"
Added Pin To Net: NetName=VCC Pin=JP1-1
Added Pin To Net: NetName=GND Pin=JP1-2
Added Pin To Net: NetName=RX Pin=JP2-1
Added Pin To Net: NetName=TX Pin=JP2-2
Change Net Name : Old Net Name=NetIC2_6 New Net Name=RS485_P
Change Net Name : Old Net Name=NetIC2_7 New Net Name=RS485_N
Added Differential Pair: Name=RS485
Added Member To Class: ClassName=Schematic Member=Component JP2 Header 2_1
Added Room: Name=Schematic
Added Class: Name=RS485_DIFFPAIR
